{"numTotalTestSuites":2,"numPassedTestSuites":0,"numFailedTestSuites":2,"numPendingTestSuites":0,"numTotalTests":2,"numPassedTests":1,"numFailedTests":1,"numPendingTests":0,"numTodoTests":0,"snapshot":{"added":0,"failure":false,"filesAdded":0,"filesRemoved":0,"filesRemovedList":[],"filesUnmatched":0,"filesUpdated":0,"matched":0,"total":0,"unchecked":0,"uncheckedKeysByFile":[],"unmatched":0,"updated":0,"didUpdate":false},"startTime":1781260017077,"success":false,"testResults":[{"assertionResults":[{"ancestorTitles":["narrow imports (jsdom)"],"fullName":"narrow imports (jsdom) imports lucide Send","status":"failed","title":"imports lucide Send","duration":572.0944000000018,"failureMessages":["AssertionError: expected 'object' to be 'function' // Object.is equality\n    at C:\\LAPOSTE\\Projets\\FOREX\\src\\components\\__tmp_voice_import.test.jsx:6:29\n    at processTicksAndRejections (node:internal/process/task_queues:104:5)\n    at file:///C:/LAPOSTE/Projets/FOREX/node_modules/@vitest/runner/dist/chunk-hooks.js:752:20"],"meta":{}},{"ancestorTitles":["narrow imports (jsdom)"],"fullName":"narrow imports (jsdom) imports voiceAgent","status":"passed","title":"imports voiceAgent","duration":149.7548999999999,"failureMessages":[],"meta":{}}],"startTime":1781260039432,"endTime":1781260040153.755,"status":"failed","message":"","name":"C:/LAPOSTE/Projets/FOREX/src/components/__tmp_voice_import.test.jsx"}]}