{"numTotalTestSuites":2,"numPassedTestSuites":2,"numFailedTestSuites":0,"numPendingTestSuites":0,"numTotalTests":2,"numPassedTests":2,"numFailedTests":0,"numPendingTests":0,"numTodoTests":0,"snapshot":{"added":0,"failure":false,"filesAdded":0,"filesRemoved":0,"filesRemovedList":[],"filesUnmatched":0,"filesUpdated":0,"matched":0,"total":0,"unchecked":0,"uncheckedKeysByFile":[],"unmatched":0,"updated":0,"didUpdate":false},"startTime":1781259588389,"success":true,"testResults":[{"assertionResults":[{"ancestorTitles":["import isolation"],"fullName":"import isolation imports reminderService","status":"passed","title":"imports reminderService","duration":201.5673999999999,"failureMessages":[],"meta":{}},{"ancestorTitles":["import isolation"],"fullName":"import isolation imports customerMatching","status":"passed","title":"imports customerMatching","duration":0.9268000000010943,"failureMessages":[],"meta":{}}],"startTime":1781259596918,"endTime":1781259597120.9268,"status":"passed","message":"","name":"C:/LAPOSTE/Projets/FOREX/src/components/__tmp_import_only.test.js"}]}