{"numTotalTestSuites":2,"numPassedTestSuites":2,"numFailedTestSuites":0,"numPendingTestSuites":0,"numTotalTests":5,"numPassedTests":5,"numFailedTests":0,"numPendingTests":0,"numTodoTests":0,"snapshot":{"added":0,"failure":false,"filesAdded":0,"filesRemoved":0,"filesRemovedList":[],"filesUnmatched":0,"filesUpdated":0,"matched":0,"total":0,"unchecked":0,"uncheckedKeysByFile":[],"unmatched":0,"updated":0,"didUpdate":false},"startTime":1781259066201,"success":true,"testResults":[{"assertionResults":[{"ancestorTitles":["AppShell — Barre_Actions_Dashboard et bouton « Agent vocal » (R10.1, R11.3, R11.4)"],"fullName":"AppShell — Barre_Actions_Dashboard et bouton « Agent vocal » (R10.1, R11.3, R11.4) affiche le bouton « Agent vocal » (voice-agent-btn) dans l'en-tête quand l'utilisateur est connecté (R10.1, R11.3)","status":"passed","title":"affiche le bouton « Agent vocal » (voice-agent-btn) dans l'en-tête quand l'utilisateur est connecté (R10.1, R11.3)","duration":414.0069999999996,"failureMessages":[],"meta":{}},{"ancestorTitles":["AppShell — Barre_Actions_Dashboard et bouton « Agent vocal » (R10.1, R11.3, R11.4)"],"fullName":"AppShell — Barre_Actions_Dashboard et bouton « Agent vocal » (R10.1, R11.3, R11.4) conserve la présence des boutons existants settings-fab et debts-fab (R11.4)","status":"passed","title":"conserve la présence des boutons existants settings-fab et debts-fab (R11.4)","duration":81.36260000000038,"failureMessages":[],"meta":{}},{"ancestorTitles":["AppShell — Barre_Actions_Dashboard et bouton « Agent vocal » (R10.1, R11.3, R11.4)"],"fullName":"AppShell — Barre_Actions_Dashboard et bouton « Agent vocal » (R10.1, R11.3, R11.4) conserve l'ordre des boutons : debts-fab puis settings-fab puis voice-agent-btn (R11.4)","status":"passed","title":"conserve l'ordre des boutons : debts-fab puis settings-fab puis voice-agent-btn (R11.4)","duration":90.36379999999917,"failureMessages":[],"meta":{}},{"ancestorTitles":["AppShell — Barre_Actions_Dashboard et bouton « Agent vocal » (R10.1, R11.3, R11.4)"],"fullName":"AppShell — Barre_Actions_Dashboard et bouton « Agent vocal » (R10.1, R11.3, R11.4) place le bouton « Agent vocal » immédiatement adjacent à « Paramètres » (R10.2, R10.3 best-effort, R11.4)","status":"passed","title":"place le bouton « Agent vocal » immédiatement adjacent à « Paramètres » (R10.2, R10.3 best-effort, R11.4)","duration":108.02280000000064,"failureMessages":[],"meta":{}},{"ancestorTitles":["AppShell — Barre_Actions_Dashboard et bouton « Agent vocal » (R10.1, R11.3, R11.4)"],"fullName":"AppShell — Barre_Actions_Dashboard et bouton « Agent vocal » (R10.1, R11.3, R11.4) rend le VoiceAgentModal (fermé par défaut) dans l'AppShell (R12.6)","status":"passed","title":"rend le VoiceAgentModal (fermé par défaut) dans l'AppShell (R12.6)","duration":105.06710000000021,"failureMessages":[],"meta":{}}],"startTime":1781259080461,"endTime":1781259081260.0671,"status":"passed","message":"","name":"C:/LAPOSTE/Projets/FOREX/src/AppShell.integration.test.jsx"}]}