{"numTotalTestSuites":2,"numPassedTestSuites":2,"numFailedTestSuites":0,"numPendingTestSuites":0,"numTotalTests":1,"numPassedTests":1,"numFailedTests":0,"numPendingTests":0,"numTodoTests":0,"snapshot":{"added":0,"failure":false,"filesAdded":0,"filesRemoved":0,"filesRemovedList":[],"filesUnmatched":0,"filesUpdated":0,"matched":0,"total":0,"unchecked":0,"uncheckedKeysByFile":[],"unmatched":0,"updated":0,"didUpdate":false},"startTime":1781259395055,"success":true,"testResults":[{"assertionResults":[{"ancestorTitles":["import smoke"],"fullName":"import smoke renders nothing when closed","status":"passed","title":"renders nothing when closed","duration":255.5043000000005,"failureMessages":[],"meta":{}}],"startTime":1781259421527,"endTime":1781259421782.5044,"status":"passed","message":"","name":"C:/LAPOSTE/Projets/FOREX/src/components/__tmp_voice_import.test.jsx"}]}